#
# There is insufficient memory for the Java Runtime Environment to continue.
# Native memory allocation (mmap) failed to map 716177408 bytes for committing reserved memory.
# Possible reasons:
#   The system is out of physical RAM or swap space
#   In 32 bit mode, the process size limit was hit
# Possible solutions:
#   Reduce memory load on the system
#   Increase physical memory or swap space
#   Check if swap backing store is full
#   Use 64 bit Java on a 64 bit OS
#   Decrease Java heap size (-Xmx/-Xms)
#   Decrease number of Java threads
#   Decrease Java thread stack sizes (-Xss)
#   Set larger code cache with -XX:ReservedCodeCacheSize=
# This output file may be truncated or incomplete.
#
#  Out of Memory Error (os_linux.cpp:2640), pid=32637, tid=0x00007fb0fe1ce700
#
# JRE version:  (8.0_171-b11) (build )
# Java VM: Java HotSpot(TM) 64-Bit Server VM (25.171-b11 mixed mode linux-amd64 compressed oops)
# Failed to write core dump. Core dumps have been disabled. To enable core dumping, try "ulimit -c unlimited" before starting Java again
#

---------------  T H R E A D  ---------------

Current thread (0x00007fb0f800a800):  JavaThread "Unknown thread" [_thread_in_vm, id=32638, stack(0x00007fb0fe0ce000,0x00007fb0fe1cf000)]

Stack: [0x00007fb0fe0ce000,0x00007fb0fe1cf000],  sp=0x00007fb0fe1cd3c0,  free space=1020k
Native frames: (J=compiled Java code, j=interpreted, Vv=VM code, C=native code)
V  [libjvm.so+0xacfffa]  VMError::report_and_die()+0x2ba
V  [libjvm.so+0x5005cb]  report_vm_out_of_memory(char const*, int, unsigned long, VMErrorType, char const*)+0x8b
V  [libjvm.so+0x92dd93]  os::Linux::commit_memory_impl(char*, unsigned long, bool)+0x123
V  [libjvm.so+0x92dfb9]  os::pd_commit_memory(char*, unsigned long, unsigned long, bool)+0x29
V  [libjvm.so+0x92527a]  os::commit_memory(char*, unsigned long, unsigned long, bool)+0x2a
V  [libjvm.so+0x99b223]  PSVirtualSpace::expand_by(unsigned long)+0x53
V  [libjvm.so+0x98b337]  PSOldGen::initialize(ReservedSpace, unsigned long, char const*, int)+0xb7
V  [libjvm.so+0x2db31a]  AdjoiningGenerations::AdjoiningGenerations(ReservedSpace, GenerationSizer*, unsigned long)+0x39a
V  [libjvm.so+0x94f366]  ParallelScavengeHeap::initialize()+0x1d6
V  [libjvm.so+0xa98033]  Universe::initialize_heap()+0xf3
V  [libjvm.so+0xa9859e]  universe_init()+0x3e
V  [libjvm.so+0x642105]  init_globals()+0x65
V  [libjvm.so+0xa7cd4e]  Threads::create_vm(JavaVMInitArgs*, bool*)+0x23e
V  [libjvm.so+0x6d6e44]  JNI_CreateJavaVM+0x74
C  [libjli.so+0x797e]  JavaMain+0x9e
C  [libpthread.so.0+0x76ba]  start_thread+0xca


---------------  P R O C E S S  ---------------

Java Threads: ( => current thread )

Other Threads:

=>0x00007fb0f800a800 (exited) JavaThread "Unknown thread" [_thread_in_vm, id=32638, stack(0x00007fb0fe0ce000,0x00007fb0fe1cf000)]

VM state:not at safepoint (not fully initialized)

VM Mutex/Monitor currently owned by a thread: None

GC Heap History (0 events):
No events

Deoptimization events (0 events):
No events

Classes redefined (0 events):
No events

Internal exceptions (0 events):
No events

Events (0 events):
No events


Dynamic libraries:
00400000-00401000 r-xp 00000000 08:02 29104517                           /usr/lib/jvm/java-8-oracle/jre/bin/java
00600000-00601000 rw-p 00000000 08:02 29104517                           /usr/lib/jvm/java-8-oracle/jre/bin/java
01981000-019a2000 rw-p 00000000 00:00 0                                  [heap]
eab00000-100000000 rw-p 00000000 00:00 0 
7fb0eeae0000-7fb0eed68000 rw-p 00000000 00:00 0 
7fb0eed68000-7fb0eeebd000 ---p 00000000 00:00 0 
7fb0eeebd000-7fb0eef73000 rw-p 00000000 00:00 0 
7fb0eef73000-7fb0ef169000 ---p 00000000 00:00 0 
7fb0ef169000-7fb0ef3d9000 rwxp 00000000 00:00 0 
7fb0ef3d9000-7fb0f7169000 ---p 00000000 00:00 0 
7fb0f7169000-7fb0f7184000 r-xp 00000000 08:02 146093                     /usr/lib/jvm/java-8-oracle/jre/lib/amd64/libzip.so
7fb0f7184000-7fb0f7384000 ---p 0001b000 08:02 146093                     /usr/lib/jvm/java-8-oracle/jre/lib/amd64/libzip.so
7fb0f7384000-7fb0f7385000 rw-p 0001b000 08:02 146093                     /usr/lib/jvm/java-8-oracle/jre/lib/amd64/libzip.so
7fb0f7385000-7fb0f7390000 r-xp 00000000 08:02 16122059                   /lib/x86_64-linux-gnu/libnss_files-2.23.so
7fb0f7390000-7fb0f758f000 ---p 0000b000 08:02 16122059                   /lib/x86_64-linux-gnu/libnss_files-2.23.so
7fb0f758f000-7fb0f7590000 r--p 0000a000 08:02 16122059                   /lib/x86_64-linux-gnu/libnss_files-2.23.so
7fb0f7590000-7fb0f7591000 rw-p 0000b000 08:02 16122059                   /lib/x86_64-linux-gnu/libnss_files-2.23.so
7fb0f7591000-7fb0f7597000 rw-p 00000000 00:00 0 
7fb0f7597000-7fb0f75a2000 r-xp 00000000 08:02 16122063                   /lib/x86_64-linux-gnu/libnss_nis-2.23.so
7fb0f75a2000-7fb0f77a1000 ---p 0000b000 08:02 16122063                   /lib/x86_64-linux-gnu/libnss_nis-2.23.so
7fb0f77a1000-7fb0f77a2000 r--p 0000a000 08:02 16122063                   /lib/x86_64-linux-gnu/libnss_nis-2.23.so
7fb0f77a2000-7fb0f77a3000 rw-p 0000b000 08:02 16122063                   /lib/x86_64-linux-gnu/libnss_nis-2.23.so
7fb0f77a3000-7fb0f77b9000 r-xp 00000000 08:02 16122035                   /lib/x86_64-linux-gnu/libnsl-2.23.so
7fb0f77b9000-7fb0f79b8000 ---p 00016000 08:02 16122035                   /lib/x86_64-linux-gnu/libnsl-2.23.so
7fb0f79b8000-7fb0f79b9000 r--p 00015000 08:02 16122035                   /lib/x86_64-linux-gnu/libnsl-2.23.so
7fb0f79b9000-7fb0f79ba000 rw-p 00016000 08:02 16122035                   /lib/x86_64-linux-gnu/libnsl-2.23.so
7fb0f79ba000-7fb0f79bc000 rw-p 00000000 00:00 0 
7fb0f79bc000-7fb0f79c4000 r-xp 00000000 08:02 16122054                   /lib/x86_64-linux-gnu/libnss_compat-2.23.so
7fb0f79c4000-7fb0f7bc3000 ---p 00008000 08:02 16122054                   /lib/x86_64-linux-gnu/libnss_compat-2.23.so
7fb0f7bc3000-7fb0f7bc4000 r--p 00007000 08:02 16122054                   /lib/x86_64-linux-gnu/libnss_compat-2.23.so
7fb0f7bc4000-7fb0f7bc5000 rw-p 00008000 08:02 16122054                   /lib/x86_64-linux-gnu/libnss_compat-2.23.so
7fb0f7bc5000-7fb0f7bf0000 r-xp 00000000 08:02 146081                     /usr/lib/jvm/java-8-oracle/jre/lib/amd64/libjava.so
7fb0f7bf0000-7fb0f7def000 ---p 0002b000 08:02 146081                     /usr/lib/jvm/java-8-oracle/jre/lib/amd64/libjava.so
7fb0f7def000-7fb0f7df1000 rw-p 0002a000 08:02 146081                     /usr/lib/jvm/java-8-oracle/jre/lib/amd64/libjava.so
7fb0f7df1000-7fb0f7dfe000 r-xp 00000000 08:02 146091                     /usr/lib/jvm/java-8-oracle/jre/lib/amd64/libverify.so
7fb0f7dfe000-7fb0f7ffe000 ---p 0000d000 08:02 146091                     /usr/lib/jvm/java-8-oracle/jre/lib/amd64/libverify.so
7fb0f7ffe000-7fb0f8000000 rw-p 0000d000 08:02 146091                     /usr/lib/jvm/java-8-oracle/jre/lib/amd64/libverify.so
7fb0f8000000-7fb0f8035000 rw-p 00000000 00:00 0 
7fb0f8035000-7fb0fc000000 ---p 00000000 00:00 0 
7fb0fc0c1000-7fb0fc0c8000 r-xp 00000000 08:02 16122064                   /lib/x86_64-linux-gnu/librt-2.23.so
7fb0fc0c8000-7fb0fc2c7000 ---p 00007000 08:02 16122064                   /lib/x86_64-linux-gnu/librt-2.23.so
7fb0fc2c7000-7fb0fc2c8000 r--p 00006000 08:02 16122064                   /lib/x86_64-linux-gnu/librt-2.23.so
7fb0fc2c8000-7fb0fc2c9000 rw-p 00007000 08:02 16122064                   /lib/x86_64-linux-gnu/librt-2.23.so
7fb0fc2c9000-7fb0fc3d1000 r-xp 00000000 08:02 16122033                   /lib/x86_64-linux-gnu/libm-2.23.so
7fb0fc3d1000-7fb0fc5d0000 ---p 00108000 08:02 16122033                   /lib/x86_64-linux-gnu/libm-2.23.so
7fb0fc5d0000-7fb0fc5d1000 r--p 00107000 08:02 16122033                   /lib/x86_64-linux-gnu/libm-2.23.so
7fb0fc5d1000-7fb0fc5d2000 rw-p 00108000 08:02 16122033                   /lib/x86_64-linux-gnu/libm-2.23.so
7fb0fc5d2000-7fb0fd2ab000 r-xp 00000000 08:02 146045                     /usr/lib/jvm/java-8-oracle/jre/lib/amd64/server/libjvm.so
7fb0fd2ab000-7fb0fd4aa000 ---p 00cd9000 08:02 146045                     /usr/lib/jvm/java-8-oracle/jre/lib/amd64/server/libjvm.so
7fb0fd4aa000-7fb0fd584000 rw-p 00cd8000 08:02 146045                     /usr/lib/jvm/java-8-oracle/jre/lib/amd64/server/libjvm.so
7fb0fd584000-7fb0fd5cf000 rw-p 00000000 00:00 0 
7fb0fd5cf000-7fb0fd78f000 r-xp 00000000 08:02 16122041                   /lib/x86_64-linux-gnu/libc-2.23.so
7fb0fd78f000-7fb0fd98f000 ---p 001c0000 08:02 16122041                   /lib/x86_64-linux-gnu/libc-2.23.so
7fb0fd98f000-7fb0fd993000 r--p 001c0000 08:02 16122041                   /lib/x86_64-linux-gnu/libc-2.23.so
7fb0fd993000-7fb0fd995000 rw-p 001c4000 08:02 16122041                   /lib/x86_64-linux-gnu/libc-2.23.so
7fb0fd995000-7fb0fd999000 rw-p 00000000 00:00 0 
7fb0fd999000-7fb0fd99c000 r-xp 00000000 08:02 16122046                   /lib/x86_64-linux-gnu/libdl-2.23.so
7fb0fd99c000-7fb0fdb9b000 ---p 00003000 08:02 16122046                   /lib/x86_64-linux-gnu/libdl-2.23.so
7fb0fdb9b000-7fb0fdb9c000 r--p 00002000 08:02 16122046                   /lib/x86_64-linux-gnu/libdl-2.23.so
7fb0fdb9c000-7fb0fdb9d000 rw-p 00003000 08:02 16122046                   /lib/x86_64-linux-gnu/libdl-2.23.so
7fb0fdb9d000-7fb0fdbb3000 r-xp 00000000 08:02 146035                     /usr/lib/jvm/java-8-oracle/jre/lib/amd64/jli/libjli.so
7fb0fdbb3000-7fb0fddb2000 ---p 00016000 08:02 146035                     /usr/lib/jvm/java-8-oracle/jre/lib/amd64/jli/libjli.so
7fb0fddb2000-7fb0fddb3000 rw-p 00015000 08:02 146035                     /usr/lib/jvm/java-8-oracle/jre/lib/amd64/jli/libjli.so
7fb0fddb3000-7fb0fddcb000 r-xp 00000000 08:02 16122040                   /lib/x86_64-linux-gnu/libpthread-2.23.so
7fb0fddcb000-7fb0fdfca000 ---p 00018000 08:02 16122040                   /lib/x86_64-linux-gnu/libpthread-2.23.so
7fb0fdfca000-7fb0fdfcb000 r--p 00017000 08:02 16122040                   /lib/x86_64-linux-gnu/libpthread-2.23.so
7fb0fdfcb000-7fb0fdfcc000 rw-p 00018000 08:02 16122040                   /lib/x86_64-linux-gnu/libpthread-2.23.so
7fb0fdfcc000-7fb0fdfd0000 rw-p 00000000 00:00 0 
7fb0fdfd0000-7fb0fdff6000 r-xp 00000000 08:02 16122038                   /lib/x86_64-linux-gnu/ld-2.23.so
7fb0fe0ce000-7fb0fe0d1000 ---p 00000000 00:00 0 
7fb0fe0d1000-7fb0fe1d4000 rw-p 00000000 00:00 0 
7fb0fe1eb000-7fb0fe1f3000 rw-s 00000000 08:02 8139955                    /tmp/hsperfdata_freeman/32637
7fb0fe1f3000-7fb0fe1f4000 rw-p 00000000 00:00 0 
7fb0fe1f4000-7fb0fe1f5000 r--p 00000000 00:00 0 
7fb0fe1f5000-7fb0fe1f6000 r--p 00025000 08:02 16122038                   /lib/x86_64-linux-gnu/ld-2.23.so
7fb0fe1f6000-7fb0fe1f7000 rw-p 00026000 08:02 16122038                   /lib/x86_64-linux-gnu/ld-2.23.so
7fb0fe1f7000-7fb0fe1f8000 rw-p 00000000 00:00 0 
7ffcb0a31000-7ffcb0a53000 rw-p 00000000 00:00 0                          [stack]
7ffcb0ace000-7ffcb0ad1000 r--p 00000000 00:00 0                          [vvar]
7ffcb0ad1000-7ffcb0ad3000 r-xp 00000000 00:00 0                          [vdso]
ffffffffff600000-ffffffffff601000 r-xp 00000000 00:00 0                  [vsyscall]

VM Arguments:
jvm_args: -Xms1024m -Xmx1024m -XX:ReservedCodeCacheSize=128m -XX:MaxMetaspaceSize=256m 
java_command: /usr/share/sbt/bin/sbt-launch.jar package
java_class_path (initial): /usr/share/sbt/bin/sbt-launch.jar
Launcher Type: SUN_STANDARD

Environment Variables:
JAVA_HOME=/usr/lib/jvm/java-8-oracle/jre/
PATH=/home/freeman/.nvm/versions/node/v9.2.0/bin:/home/freeman/bin:/home/freeman/.local/bin:/usr/local/sbin:/usr/local/bin:/usr/sbin:/usr/bin:/sbin:/bin:/usr/games:/usr/local/games:/snap/bin:/usr/lib/jvm/java-9-oracle/bin:/usr/lib/jvm/java-9-oracle/db/bin:/home/freeman/bin:/usr/lib/jvm/java-8-oracle/jre//bin:/usr/local/go/bin:/home/freeman/.rvm/bin:/snap/bin:/var/lib/snapd/snap/bin:/home/freeman/.rvm/bin:/home/freeman/works/vp9/bigdata/hbase-1.2.6/bin
SHELL=/bin/bash
DISPLAY=:0

Signal Handlers:
SIGSEGV: [libjvm.so+0xad0890], sa_mask[0]=11111111011111111101111111111110, sa_flags=SA_RESTART|SA_SIGINFO
SIGBUS: [libjvm.so+0xad0890], sa_mask[0]=11111111011111111101111111111110, sa_flags=SA_RESTART|SA_SIGINFO
SIGFPE: [libjvm.so+0x928640], sa_mask[0]=11111111011111111101111111111110, sa_flags=SA_RESTART|SA_SIGINFO
SIGPIPE: [libjvm.so+0x928640], sa_mask[0]=11111111011111111101111111111110, sa_flags=SA_RESTART|SA_SIGINFO
SIGXFSZ: [libjvm.so+0x928640], sa_mask[0]=11111111011111111101111111111110, sa_flags=SA_RESTART|SA_SIGINFO
SIGILL: [libjvm.so+0x928640], sa_mask[0]=11111111011111111101111111111110, sa_flags=SA_RESTART|SA_SIGINFO
SIGUSR1: SIG_DFL, sa_mask[0]=00000000000000000000000000000000, sa_flags=none
SIGUSR2: [libjvm.so+0x929ea0], sa_mask[0]=00000000000000000000000000000000, sa_flags=SA_RESTART|SA_SIGINFO
SIGHUP: SIG_DFL, sa_mask[0]=00000000000000000000000000000000, sa_flags=none
SIGINT: SIG_DFL, sa_mask[0]=00000000000000000000000000000000, sa_flags=none
SIGTERM: SIG_DFL, sa_mask[0]=00000000000000000000000000000000, sa_flags=none
SIGQUIT: SIG_DFL, sa_mask[0]=00000000000000000000000000000000, sa_flags=none


---------------  S Y S T E M  ---------------

OS:DISTRIB_ID=Ubuntu
DISTRIB_RELEASE=16.04
DISTRIB_CODENAME=xenial
DISTRIB_DESCRIPTION="Ubuntu 16.04.4 LTS"

uname:Linux 4.13.0-43-generic #48~16.04.1-Ubuntu SMP Thu May 17 12:56:46 UTC 2018 x86_64
libc:glibc 2.23 NPTL 2.23 
rlimit: STACK 8192k, CORE 0k, NPROC 63270, NOFILE 1048576, AS infinity
load average:0.74 1.46 1.26

/proc/meminfo:
MemTotal:       16348144 kB
MemFree:          184592 kB
MemAvailable:     315344 kB
Buffers:           37640 kB
Cached:           648288 kB
SwapCached:        45656 kB
Active:          8143448 kB
Inactive:        1693172 kB
Active(anon):    7939032 kB
Inactive(anon):  1553240 kB
Active(file):     204416 kB
Inactive(file):   139932 kB
Unevictable:     5722864 kB
Mlocked:         5722864 kB
SwapTotal:       4117500 kB
SwapFree:          47600 kB
Dirty:              3048 kB
Writeback:             0 kB
AnonPages:      14828240 kB
Mapped:           363300 kB
Shmem:            313540 kB
Slab:             237212 kB
SReclaimable:      86288 kB
SUnreclaim:       150924 kB
KernelStack:       33696 kB
PageTables:       167544 kB
NFS_Unstable:          0 kB
Bounce:                0 kB
WritebackTmp:          0 kB
CommitLimit:    12291572 kB
Committed_AS:   36701456 kB
VmallocTotal:   34359738367 kB
VmallocUsed:           0 kB
VmallocChunk:          0 kB
HardwareCorrupted:     0 kB
AnonHugePages:         0 kB
ShmemHugePages:        0 kB
ShmemPmdMapped:        0 kB
CmaTotal:              0 kB
CmaFree:               0 kB
HugePages_Total:       0
HugePages_Free:        0
HugePages_Rsvd:        0
HugePages_Surp:        0
Hugepagesize:       2048 kB
DirectMap4k:     1916860 kB
DirectMap2M:    11638784 kB
DirectMap1G:     3145728 kB


CPU:total 4 (initial active 4) (4 cores per cpu, 1 threads per core) family 6 model 158 stepping 9, cmov, cx8, fxsr, mmx, sse, sse2, sse3, ssse3, sse4.1, sse4.2, popcnt, avx, avx2, aes, clmul, erms, rtm, 3dnowpref, lzcnt, tsc, tscinvbit, bmi1, bmi2, adx

/proc/cpuinfo:
processor	: 0
vendor_id	: GenuineIntel
cpu family	: 6
model		: 158
model name	: Intel(R) Core(TM) i5-7600 CPU @ 3.50GHz
stepping	: 9
microcode	: 0x84
cpu MHz		: 2424.346
cache size	: 6144 KB
physical id	: 0
siblings	: 4
core id		: 0
cpu cores	: 4
apicid		: 0
initial apicid	: 0
fpu		: yes
fpu_exception	: yes
cpuid level	: 22
wp		: yes
flags		: fpu vme de pse tsc msr pae mce cx8 apic sep mtrr pge mca cmov pat pse36 clflush dts acpi mmx fxsr sse sse2 ss ht tm pbe syscall nx pdpe1gb rdtscp lm constant_tsc art arch_perfmon pebs bts rep_good nopl xtopology nonstop_tsc cpuid aperfmperf tsc_known_freq pni pclmulqdq dtes64 monitor ds_cpl vmx smx est tm2 ssse3 sdbg fma cx16 xtpr pdcm pcid sse4_1 sse4_2 x2apic movbe popcnt tsc_deadline_timer aes xsave avx f16c rdrand lahf_lm abm 3dnowprefetch cpuid_fault epb invpcid_single pti retpoline intel_pt rsb_ctxsw spec_ctrl tpr_shadow vnmi flexpriority ept vpid fsgsbase tsc_adjust bmi1 hle avx2 smep bmi2 erms invpcid rtm mpx rdseed adx smap clflushopt xsaveopt xsavec xgetbv1 xsaves dtherm ida arat pln pts hwp hwp_notify hwp_act_window hwp_epp
bugs		: cpu_meltdown spectre_v1 spectre_v2 spec_store_bypass
bogomips	: 7008.00
clflush size	: 64
cache_alignment	: 64
address sizes	: 39 bits physical, 48 bits virtual
power management:

processor	: 1
vendor_id	: GenuineIntel
cpu family	: 6
model		: 158
model name	: Intel(R) Core(TM) i5-7600 CPU @ 3.50GHz
stepping	: 9
microcode	: 0x84
cpu MHz		: 2663.669
cache size	: 6144 KB
physical id	: 0
siblings	: 4
core id		: 1
cpu cores	: 4
apicid		: 2
initial apicid	: 2
fpu		: yes
fpu_exception	: yes
cpuid level	: 22
wp		: yes
flags		: fpu vme de pse tsc msr pae mce cx8 apic sep mtrr pge mca cmov pat pse36 clflush dts acpi mmx fxsr sse sse2 ss ht tm pbe syscall nx pdpe1gb rdtscp lm constant_tsc art arch_perfmon pebs bts rep_good nopl xtopology nonstop_tsc cpuid aperfmperf tsc_known_freq pni pclmulqdq dtes64 monitor ds_cpl vmx smx est tm2 ssse3 sdbg fma cx16 xtpr pdcm pcid sse4_1 sse4_2 x2apic movbe popcnt tsc_deadline_timer aes xsave avx f16c rdrand lahf_lm abm 3dnowprefetch cpuid_fault epb invpcid_single pti retpoline intel_pt rsb_ctxsw spec_ctrl tpr_shadow vnmi flexpriority ept vpid fsgsbase tsc_adjust bmi1 hle avx2 smep bmi2 erms invpcid rtm mpx rdseed adx smap clflushopt xsaveopt xsavec xgetbv1 xsaves dtherm ida arat pln pts hwp hwp_notify hwp_act_window hwp_epp
bugs		: cpu_meltdown spectre_v1 spectre_v2 spec_store_bypass
bogomips	: 7008.00
clflush size	: 64
cache_alignment	: 64
address sizes	: 39 bits physical, 48 bits virtual
power management:

processor	: 2
vendor_id	: GenuineIntel
cpu family	: 6
model		: 158
model name	: Intel(R) Core(TM) i5-7600 CPU @ 3.50GHz
stepping	: 9
microcode	: 0x84
cpu MHz		: 2552.367
cache size	: 6144 KB
physical id	: 0
siblings	: 4
core id		: 2
cpu cores	: 4
apicid		: 4
initial apicid	: 4
fpu		: yes
fpu_exception	: yes
cpuid level	: 22
wp		: yes
flags		: fpu vme de pse tsc msr pae mce cx8 apic sep mtrr pge mca cmov pat pse36 clflush dts acpi mmx fxsr sse sse2 ss ht tm pbe syscall nx pdpe1gb rdtscp lm constant_tsc art arch_perfmon pebs bts rep_good nopl xtopology nonstop_tsc cpuid aperfmperf tsc_known_freq pni pclmulqdq dtes64 monitor ds_cpl vmx smx est tm2 ssse3 sdbg fma cx16 xtpr pdcm pcid sse4_1 sse4_2 x2apic movbe popcnt tsc_deadline_timer aes xsave avx f16c rdrand lahf_lm abm 3dnowprefetch cpuid_fault epb invpcid_single pti retpoline intel_pt rsb_ctxsw spec_ctrl tpr_shadow vnmi flexpriority ept vpid fsgsbase tsc_adjust bmi1 hle avx2 smep bmi2 erms invpcid rtm mpx rdseed adx smap clflushopt xsaveopt xsavec xgetbv1 xsaves dtherm ida arat pln pts hwp hwp_notify hwp_act_window hwp_epp
bugs		: cpu_meltdown spectre_v1 spectre_v2 spec_store_bypass
bogomips	: 7008.00
clflush size	: 64
cache_alignment	: 64
address sizes	: 39 bits physical, 48 bits virtual
power management:

processor	: 3
vendor_id	: GenuineIntel
cpu family	: 6
model		: 158
model name	: Intel(R) Core(TM) i5-7600 CPU @ 3.50GHz
stepping	: 9
microcode	: 0x84
cpu MHz		: 2664.992
cache size	: 6144 KB
physical id	: 0
siblings	: 4
core id		: 3
cpu cores	: 4
apicid		: 6
initial apicid	: 6
fpu		: yes
fpu_exception	: yes
cpuid level	: 22
wp		: yes
flags		: fpu vme de pse tsc msr pae mce cx8 apic sep mtrr pge mca cmov pat pse36 clflush dts acpi mmx fxsr sse sse2 ss ht tm pbe syscall nx pdpe1gb rdtscp lm constant_tsc art arch_perfmon pebs bts rep_good nopl xtopology nonstop_tsc cpuid aperfmperf tsc_known_freq pni pclmulqdq dtes64 monitor ds_cpl vmx smx est tm2 ssse3 sdbg fma cx16 xtpr pdcm pcid sse4_1 sse4_2 x2apic movbe popcnt tsc_deadline_timer aes xsave avx f16c rdrand lahf_lm abm 3dnowprefetch cpuid_fault epb invpcid_single pti retpoline intel_pt rsb_ctxsw spec_ctrl tpr_shadow vnmi flexpriority ept vpid fsgsbase tsc_adjust bmi1 hle avx2 smep bmi2 erms invpcid rtm mpx rdseed adx smap clflushopt xsaveopt xsavec xgetbv1 xsaves dtherm ida arat pln pts hwp hwp_notify hwp_act_window hwp_epp
bugs		: cpu_meltdown spectre_v1 spectre_v2 spec_store_bypass
bogomips	: 7008.00
clflush size	: 64
cache_alignment	: 64
address sizes	: 39 bits physical, 48 bits virtual
power management:



Memory: 4k page, physical 16348144k(184592k free), swap 4117500k(47600k free)

vm_info: Java HotSpot(TM) 64-Bit Server VM (25.171-b11) for linux-amd64 JRE (1.8.0_171-b11), built on Mar 28 2018 17:07:08 by "java_re" with gcc 4.3.0 20080428 (Red Hat 4.3.0-8)

time: Sat Jun  9 14:56:55 2018
elapsed time: 0 seconds (0d 0h 0m 0s)

